{
  "RSpec": {
    "coverage": {
      "/vagrant/SIGS/spec/controllers/administrative_assistants_controller_spec.rb": [
        1,
        1,
        null,
        1,
        null,
        1,
        null,
        1,
        4,
        4,
        4,
        4,
        4,
        null,
        null,
        1,
        null,
        1,
        1,
        null,
        null,
        1,
        1,
        1,
        null,
        null,
        1,
        1,
        1,
        null,
        null,
        1,
        1,
        1,
        null,
        null,
        null
      ],
      "/vagrant/SIGS/spec/rails_helper.rb": [
        null,
        1,
        1,
        null,
        1,
        1,
        1,
        null,
        null,
        null,
        null,
        null,
        null,
        null,
        null,
        null,
        null,
        null,
        null,
        null,
        null,
        null,
        null,
        null,
        null,
        null,
        1,
        null,
        1,
        null,
        1,
        null,
        null,
        null,
        null,
        1,
        null,
        null,
        null,
        null,
        null,
        null,
        null,
        null,
        null,
        null,
        null,
        null,
        null,
        null,
        1,
        null,
        null,
        1,
        null,
        null,
        null
      ],
      "/vagrant/SIGS/config/environment.rb": [
        null,
        1,
        null,
        null,
        1
      ],
      "/vagrant/SIGS/config/application.rb": [
        1,
        null,
        1,
        null,
        null,
        null,
        1,
        null,
        1,
        1,
        null,
        null,
        null,
        null,
        1,
        1,
        1,
        null,
        null,
        null
      ],
      "/vagrant/SIGS/config/boot.rb": [
        1,
        null,
        1
      ],
      "/vagrant/SIGS/config/environments/test.rb": [
        1,
        null,
        null,
        null,
        null,
        null,
        null,
        1,
        null,
        null,
        null,
        null,
        1,
        null,
        null,
        1,
        1,
        null,
        null,
        null,
        null,
        1,
        1,
        null,
        null,
        1,
        null,
        null,
        1,
        1,
        null,
        null,
        null,
        null,
        1,
        null,
        null,
        1,
        null,
        null,
        null,
        null
      ],
      "/vagrant/SIGS/config/initializers/application_controller_renderer.rb": [
        null,
        null,
        null,
        null,
        null,
        null
      ],
      "/vagrant/SIGS/config/initializers/assets.rb": [
        null,
        null,
        null,
        1,
        null,
        null,
        null,
        null,
        null,
        null,
        null
      ],
      "/vagrant/SIGS/config/initializers/backtrace_silencers.rb": [
        null,
        null,
        null,
        null,
        null,
        null,
        null
      ],
      "/vagrant/SIGS/config/initializers/cookies_serializer.rb": [
        null,
        null,
        null,
        null,
        1
      ],
      "/vagrant/SIGS/config/initializers/filter_parameter_logging.rb": [
        null,
        null,
        null,
        1
      ],
      "/vagrant/SIGS/config/initializers/inflections.rb": [
        null,
        null,
        null,
        null,
        null,
        null,
        null,
        null,
        null,
        null,
        null,
        null,
        null,
        null,
        null,
        null
      ],
      "/vagrant/SIGS/config/initializers/mime_types.rb": [
        null,
        1,
        null,
        null
      ],
      "/vagrant/SIGS/config/initializers/new_framework_defaults.rb": [
        null,
        null,
        null,
        null,
        null,
        null,
        null,
        1,
        null,
        null,
        1,
        null,
        null,
        null,
        1,
        null,
        null,
        1,
        null,
        null,
        1,
        null,
        null,
        1
      ],
      "/vagrant/SIGS/config/initializers/session_store.rb": [
        null,
        null,
        1
      ],
      "/vagrant/SIGS/config/initializers/wrap_parameters.rb": [
        null,
        null,
        null,
        null,
        null,
        null,
        1,
        2,
        null,
        null,
        null,
        null,
        null,
        null
      ],
      "/vagrant/SIGS/config/routes.rb": [
        1,
        null,
        1,
        null,
        null,
        1,
        1,
        1,
        1,
        1,
        1,
        null,
        null,
        1,
        1,
        1,
        null,
        null,
        1,
        1,
        1,
        1,
        1,
        1,
        1,
        null,
        null,
        null,
        null,
        null,
        null,
        1,
        1,
        1,
        1,
        null,
        null,
        1,
        1,
        1,
        1,
        1,
        1,
        1,
        1,
        null,
        null,
        1,
        null,
        null,
        1,
        1,
        1,
        1,
        1,
        1,
        1,
        1,
        null,
        null,
        1,
        1,
        1,
        1,
        1,
        1,
        null,
        null,
        null,
        1,
        1,
        1,
        null,
        null,
        1,
        1,
        1,
        1,
        1,
        null,
        null,
        1,
        1,
        1,
        1,
        null,
        null,
        1,
        1,
        1,
        null,
        null,
        1,
        1,
        1,
        null,
        null,
        1,
        1,
        1,
        1,
        1,
        1,
        1,
        null,
        null,
        1,
        1,
        null,
        null,
        1,
        null,
        null,
        1,
        1,
        1,
        1,
        1,
        1,
        1,
        null,
        null,
        1,
        1,
        1,
        1,
        1,
        1,
        1,
        null,
        null,
        1,
        1,
        1,
        1,
        1,
        1,
        null,
        null,
        null,
        null
      ],
      "/vagrant/SIGS/app/helpers/administrative_assistant_helper.rb": [
        null,
        null,
        null,
        1,
        null
      ],
      "/vagrant/SIGS/app/helpers/allocation_helper.rb": [
        null,
        null,
        null,
        1,
        null
      ],
      "/vagrant/SIGS/app/helpers/allocation_extensions_helper.rb": [
        null,
        null,
        null,
        1,
        null
      ],
      "/vagrant/SIGS/app/helpers/api/apis_helper.rb": [
        null,
        null,
        null,
        1,
        null,
        1,
        null,
        null
      ],
      "/vagrant/SIGS/app/helpers/api_users_helper.rb": [
        null,
        null,
        null,
        1,
        null
      ],
      "/vagrant/SIGS/app/helpers/application_helper.rb": [
        null,
        null,
        null,
        1,
        1,
        1,
        1,
        4,
        null,
        1,
        null,
        null
      ],
      "/vagrant/SIGS/app/helpers/categories_helper.rb": [
        null,
        null,
        null,
        1,
        1,
        1,
        null,
        null
      ],
      "/vagrant/SIGS/app/helpers/coordinator_helper.rb": [
        null,
        null,
        null,
        1,
        1,
        1,
        1,
        1,
        1,
        1,
        null,
        null
      ],
      "/vagrant/SIGS/app/helpers/courses_helper.rb": [
        null,
        null,
        null,
        1,
        1,
        null,
        1,
        1,
        null,
        1,
        1,
        null,
        null,
        null
      ],
      "/vagrant/SIGS/app/helpers/sessions_helper.rb": [
        null,
        null,
        null,
        1,
        1,
        180,
        null,
        null,
        1,
        291,
        null,
        null,
        1,
        134,
        134,
        6,
        128,
        90,
        38,
        38,
        null,
        null,
        null,
        1,
        150,
        2,
        2,
        null,
        null,
        1,
        54,
        1,
        1,
        null,
        null,
        1,
        17,
        1,
        1,
        null,
        null,
        1,
        37,
        3,
        3,
        null,
        null,
        1,
        4,
        4,
        4,
        null,
        null
      ],
      "/vagrant/SIGS/app/helpers/extensions_helper.rb": [
        null,
        null,
        null,
        1,
        null
      ],
      "/vagrant/SIGS/app/helpers/parsers_helper.rb": [
        null,
        null,
        null,
        1,
        null
      ],
      "/vagrant/SIGS/app/helpers/periods_helper.rb": [
        null,
        null,
        null,
        1,
        null
      ],
      "/vagrant/SIGS/app/helpers/reports_helper.rb": [
        null,
        null,
        null,
        1,
        null
      ],
      "/vagrant/SIGS/app/helpers/reports_disciplines_helper.rb": [
        null,
        null,
        null,
        1,
        null
      ],
      "/vagrant/SIGS/app/helpers/school_rooms_helper.rb": [
        null,
        null,
        null,
        1,
        1,
        3,
        null,
        null,
        1,
        1,
        null,
        null,
        1,
        1,
        null,
        null,
        1,
        1,
        null,
        null,
        1,
        1,
        null,
        null,
        1,
        1,
        null,
        null,
        1,
        1,
        null,
        null
      ],
      "/vagrant/SIGS/app/helpers/user_helper.rb": [
        null,
        null,
        null,
        1,
        null
      ],
      "/vagrant/SIGS/app/controllers/administrative_assistants_controller.rb": [
        null,
        null,
        null,
        1,
        1,
        1,
        null,
        1,
        1,
        null,
        null,
        1,
        1,
        1,
        1,
        null,
        1,
        null,
        null,
        1,
        1,
        1,
        1,
        1,
        null,
        1,
        null,
        null,
        1,
        1,
        1,
        1,
        1,
        null,
        null
      ],
      "/vagrant/SIGS/app/controllers/application_controller.rb": [
        1,
        1,
        1,
        1,
        1,
        1,
        null,
        1,
        12,
        16,
        null,
        null,
        null
      ],
      "/vagrant/SIGS/spec/controllers/allocations_controller_spec.rb": [
        1,
        null,
        1,
        1,
        1,
        19,
        19,
        19,
        19,
        19,
        19,
        19,
        null,
        19,
        null,
        19,
        19,
        19,
        19,
        19,
        19,
        19,
        19,
        19,
        null,
        null,
        null,
        1,
        1,
        1,
        null,
        null,
        1,
        1,
        1,
        1,
        null,
        null,
        1,
        1,
        1,
        1,
        null,
        null,
        null,
        null,
        1,
        1,
        1,
        null,
        null,
        null,
        null,
        null,
        null,
        null,
        1,
        1,
        null,
        null,
        null,
        1,
        1,
        1,
        null,
        null,
        null,
        null,
        null,
        null,
        null,
        null,
        1,
        1,
        null,
        null,
        1,
        1,
        1,
        null,
        null,
        null,
        null,
        null,
        null,
        null,
        1,
        1,
        null,
        null,
        1,
        1,
        1,
        null,
        null,
        null,
        null,
        null,
        null,
        null,
        1,
        1,
        null,
        null,
        1,
        1,
        1,
        1,
        null,
        null,
        null,
        null,
        null,
        null,
        null,
        1,
        1,
        null,
        null,
        1,
        1,
        1,
        1,
        null,
        null,
        null,
        null,
        null,
        null,
        null,
        1,
        1,
        null,
        null,
        1,
        null,
        1,
        1,
        1,
        null,
        null,
        null,
        null,
        null,
        null,
        null,
        1,
        1,
        null,
        null,
        1,
        1,
        1,
        1,
        null,
        null,
        null,
        null,
        null,
        null,
        null,
        1,
        1,
        null,
        null,
        1,
        1,
        1,
        null,
        null,
        null,
        null,
        null,
        null,
        null,
        null,
        1,
        1,
        null,
        null,
        1,
        1,
        1,
        1,
        1,
        null,
        null,
        1,
        1,
        1,
        1,
        1,
        130,
        1,
        1,
        null,
        1,
        null,
        null,
        null,
        null,
        null,
        null,
        null,
        null,
        1,
        1,
        null,
        null,
        1,
        1,
        1,
        null,
        null,
        null,
        null,
        null,
        null,
        null,
        1,
        null,
        null,
        null,
        null,
        1,
        1,
        1,
        1,
        1,
        null,
        null,
        1,
        1,
        1,
        1,
        1,
        1,
        null,
        null,
        null,
        1,
        1,
        1,
        null,
        null,
        null,
        null,
        null,
        null,
        null,
        1,
        1,
        1,
        null,
        null,
        1,
        1,
        1,
        null,
        null,
        null,
        null,
        null,
        null,
        null,
        1,
        1,
        1,
        1,
        null,
        null,
        null
      ],
      "/vagrant/SIGS/app/controllers/allocations_controller.rb": [
        null,
        null,
        null,
        null,
        1,
        1,
        1,
        null,
        1,
        1,
        1,
        84,
        null,
        1,
        1,
        null,
        null,
        null,
        null,
        null,
        1,
        13,
        13,
        13,
        78,
        null,
        null,
        null,
        null,
        null,
        null,
        null,
        null,
        null,
        null,
        null,
        null,
        null,
        null,
        null,
        null,
        null,
        null,
        null,
        78,
        null,
        1404,
        null,
        79,
        68,
        68,
        68,
        68,
        null,
        1,
        null,
        10,
        null,
        null,
        null,
        13,
        68,
        null,
        13,
        null,
        null,
        1,
        68,
        68,
        68,
        null,
        68,
        2,
        66,
        3,
        63,
        62,
        62,
        null,
        1,
        null,
        null,
        null,
        null,
        null,
        null,
        1,
        2,
        2,
        2,
        2,
        1,
        null,
        null,
        null,
        1,
        1,
        1,
        1,
        1,
        1,
        null,
        null,
        1,
        1,
        1,
        null,
        null,
        1,
        1,
        1,
        null,
        null,
        1,
        1,
        null,
        1,
        1,
        19,
        null,
        1,
        null,
        null,
        1,
        null,
        1,
        68,
        68,
        null,
        null,
        1,
        4,
        null,
        null,
        null,
        null,
        4,
        null,
        null,
        1,
        4,
        4,
        4,
        4,
        3,
        null,
        2,
        null,
        2,
        null,
        null,
        1,
        62,
        62,
        62,
        7936,
        7936,
        null,
        7936,
        47616,
        940,
        940,
        940,
        null,
        7936,
        null,
        null,
        null,
        null,
        null,
        1,
        68,
        null,
        null,
        null,
        null,
        null,
        null,
        null,
        1,
        19,
        19,
        114,
        114,
        null,
        114,
        null,
        19,
        null,
        null,
        1,
        114,
        114,
        112,
        null,
        2,
        2,
        2,
        2,
        2,
        null,
        2,
        null,
        null,
        114,
        114,
        114,
        114,
        114,
        114,
        114,
        114,
        null,
        null,
        1,
        143,
        null,
        null,
        1,
        143,
        null,
        null,
        1,
        4,
        4,
        4,
        null,
        null,
        1,
        4,
        4,
        4,
        null,
        null,
        1,
        66,
        66,
        4,
        null,
        62,
        null,
        null,
        1,
        67,
        null,
        null,
        1,
        67,
        67,
        67,
        67,
        null,
        null,
        null,
        null,
        null
      ],
      "/vagrant/SIGS/spec/controllers/api/api_school_rooms_controller_spec.rb": [
        null,
        null,
        null,
        null,
        null,
        null,
        null,
        null,
        null,
        null,
        null,
        null,
        null
      ],
      "/vagrant/SIGS/spec/controllers/api/apis_controller_spec.rb": [
        1,
        1,
        null,
        1,
        1,
        1,
        9,
        9,
        9,
        9,
        9,
        9,
        9,
        9,
        9,
        9,
        9,
        9,
        9,
        9,
        9,
        9,
        9,
        9,
        9,
        9,
        9,
        9,
        null,
        null,
        1,
        1,
        1,
        1,
        null,
        null,
        1,
        1,
        1,
        1,
        null,
        null,
        1,
        1,
        1,
        1,
        1,
        null,
        null,
        1,
        1,
        1,
        1,
        null,
        null,
        1,
        1,
        1,
        1,
        1,
        null,
        null,
        1,
        1,
        1,
        1,
        null,
        null,
        1,
        1,
        1,
        null,
        null,
        1,
        1,
        1,
        1,
        null,
        null,
        1,
        1,
        1,
        null,
        null,
        null,
        null
      ],
      "/vagrant/SIGS/app/controllers/api/apis_controller.rb": [
        null,
        null,
        null,
        1,
        1,
        null,
        1,
        1,
        null,
        1,
        null,
        1,
        1,
        1,
        null,
        null,
        1,
        1,
        1,
        1,
        null,
        null,
        1,
        2,
        2,
        1,
        1,
        null,
        1,
        null,
        null,
        null,
        1,
        2,
        2,
        1,
        null,
        1,
        null,
        1,
        null,
        null,
        null,
        1,
        2,
        2,
        2,
        null,
        null,
        1,
        null,
        1,
        9,
        9,
        9,
        9,
        9,
        8,
        null,
        null,
        null,
        null,
        null,
        null,
        null,
        null
      ],
      "/vagrant/SIGS/app/controllers/api/aux_apis.rb": [
        null,
        null,
        null,
        1,
        1,
        1,
        1,
        1,
        null,
        null,
        null,
        null,
        null,
        null,
        null,
        null,
        1,
        null,
        null,
        1,
        1,
        1,
        1,
        null,
        null,
        null,
        null,
        null,
        null,
        null,
        null,
        null,
        null,
        null,
        null,
        null,
        1,
        null,
        null,
        1,
        1,
        1,
        1,
        null,
        null,
        null,
        null,
        null,
        null,
        null,
        null,
        null,
        null,
        null,
        1,
        null,
        null,
        1,
        2,
        2,
        2,
        2,
        null,
        null,
        null,
        null,
        null,
        null,
        null,
        null,
        2,
        null,
        2,
        null,
        null
      ],
      "/vagrant/SIGS/spec/controllers/api_users_controller_spec.rb": [
        1,
        null,
        1,
        null,
        1,
        1,
        4,
        4,
        4,
        null,
        null,
        null,
        1,
        1,
        1,
        null,
        null,
        1,
        1,
        1,
        1,
        null,
        null,
        1,
        1,
        1,
        null,
        null,
        1,
        1,
        1,
        1,
        null,
        null,
        null,
        1,
        1,
        2,
        2,
        2,
        2,
        null,
        null,
        1,
        1,
        1,
        null,
        null,
        1,
        1,
        1,
        null,
        null,
        null,
        1,
        1,
        3,
        null,
        3,
        3,
        3,
        null,
        null,
        1,
        1,
        1,
        null,
        null,
        null,
        1,
        1,
        1,
        1,
        null,
        null,
        1,
        1,
        null,
        1,
        null,
        null,
        null,
        1,
        1,
        2,
        null,
        null,
        2,
        2,
        null,
        null,
        2,
        2,
        null,
        null,
        null,
        null,
        1,
        1,
        1,
        1,
        1,
        null,
        null,
        1,
        1,
        1,
        1,
        1,
        null,
        null,
        null
      ],
      "/vagrant/SIGS/app/controllers/api_users_controller.rb": [
        null,
        null,
        null,
        1,
        1,
        null,
        1,
        1,
        null,
        null,
        1,
        1,
        null,
        null,
        1,
        3,
        3,
        3,
        3,
        1,
        1,
        1,
        null,
        2,
        2,
        null,
        null,
        null,
        1,
        1,
        null,
        null,
        1,
        2,
        2,
        2,
        null,
        null,
        null,
        1,
        null,
        null,
        1,
        1,
        null,
        null,
        null,
        1,
        1,
        null,
        null,
        1,
        2,
        2,
        1,
        1,
        null,
        null,
        null,
        1,
        null,
        null,
        null,
        null,
        1,
        null,
        1,
        2,
        null,
        null,
        1,
        12,
        null,
        null,
        1,
        45,
        5,
        5,
        5,
        5,
        null,
        null
      ],
      "/vagrant/SIGS/spec/controllers/categories_controller_spec.rb": [
        1,
        null,
        1,
        null,
        1,
        null,
        1,
        10,
        null,
        10,
        null,
        10,
        10,
        null,
        null,
        null,
        1,
        1,
        1,
        1,
        null,
        null,
        1,
        1,
        1,
        1,
        null,
        null,
        1,
        1,
        1,
        null,
        null,
        1,
        1,
        1,
        1,
        null,
        null,
        null,
        1,
        1,
        1,
        1,
        1,
        1,
        null,
        null,
        1,
        1,
        1,
        1,
        null,
        null,
        null,
        null,
        1,
        1,
        1,
        1,
        1,
        null,
        null,
        1,
        1,
        1,
        1,
        1,
        1,
        1,
        1,
        null,
        null,
        null,
        1,
        1,
        1,
        1,
        1,
        1,
        1,
        1,
        1,
        null,
        null,
        null,
        1,
        1,
        1,
        1,
        1,
        1,
        null,
        null,
        null,
        null
      ],
      "/vagrant/SIGS/app/controllers/categories_controller.rb": [
        null,
        null,
        null,
        1,
        1,
        1,
        null,
        1,
        2,
        null,
        null,
        1,
        2,
        2,
        1,
        null,
        1,
        null,
        null,
        2,
        null,
        null,
        1,
        1,
        null,
        null,
        1,
        1,
        null,
        null,
        1,
        1,
        1,
        1,
        1,
        null,
        null,
        1,
        3,
        null,
        null,
        1,
        1,
        1,
        1,
        1,
        null,
        null
      ],
      "/vagrant/SIGS/spec/controllers/courses_controller_spec.rb": [
        1,
        null,
        1,
        null,
        1,
        1,
        1,
        1,
        null,
        null,
        null,
        null
      ],
      "/vagrant/SIGS/app/controllers/courses_controller.rb": [
        null,
        null,
        null,
        1,
        null
      ],
      "/vagrant/SIGS/spec/controllers/periods_controller_spec.rb": [
        1,
        null,
        1,
        1,
        1,
        4,
        null,
        4,
        4,
        4,
        null,
        null,
        1,
        1,
        1,
        null,
        null,
        1,
        1,
        1,
        null,
        null,
        1,
        1,
        1,
        null,
        null,
        1,
        1,
        1,
        null,
        null,
        null
      ],
      "/vagrant/SIGS/app/controllers/periods_controller.rb": [
        null,
        null,
        null,
        1,
        1,
        1,
        null,
        1,
        1,
        null,
        null,
        1,
        1,
        null,
        null,
        1,
        2,
        2,
        1,
        1,
        null,
        1,
        1,
        null,
        null,
        null,
        1,
        null,
        1,
        2,
        null,
        null
      ],
      "/vagrant/SIGS/spec/controllers/report_controller_spec.rb": [
        1,
        1,
        null,
        1,
        1,
        1,
        15,
        15,
        15,
        15,
        null,
        15,
        15,
        15,
        15,
        15,
        15,
        15,
        15,
        null,
        15,
        15,
        null,
        15,
        15,
        null,
        15,
        15,
        null,
        15,
        null,
        null,
        1,
        1,
        1,
        null,
        null,
        1,
        1,
        1,
        null,
        null,
        1,
        1,
        1,
        null,
        null,
        1,
        1,
        null,
        null,
        null,
        1,
        null,
        null,
        1,
        1,
        null,
        null,
        1,
        null,
        null,
        1,
        1,
        null,
        null,
        null,
        null,
        1,
        null,
        1,
        null,
        null,
        1,
        1,
        null,
        null,
        null,
        1,
        null,
        1,
        1,
        null,
        null,
        1,
        1,
        1,
        null,
        null,
        1,
        1,
        1,
        1,
        null,
        null,
        1,
        1,
        1,
        null,
        null,
        1,
        1,
        1,
        1,
        null,
        null,
        1,
        1,
        1,
        1,
        null,
        null,
        1,
        1,
        1,
        1,
        null,
        null,
        1,
        1,
        1,
        1,
        1,
        null,
        null,
        1,
        1,
        1,
        1,
        null,
        null,
        null
      ],
      "/vagrant/SIGS/app/controllers/reports_controller.rb": [
        null,
        null,
        1,
        1,
        null,
        null,
        1,
        1,
        1,
        null,
        1,
        1,
        1,
        null,
        null,
        1,
        7,
        2,
        null,
        5,
        null,
        null,
        null,
        1,
        2,
        2,
        2,
        1,
        1,
        2,
        2,
        2,
        2,
        2,
        null,
        null,
        1,
        null,
        1,
        null,
        null,
        null,
        1,
        4,
        4,
        2,
        2,
        null,
        2,
        2,
        2,
        4,
        4,
        4,
        null,
        null,
        null,
        4,
        null,
        null,
        1,
        1,
        1,
        1,
        null,
        null,
        1,
        1,
        1,
        1,
        null,
        1,
        null,
        null,
        1,
        null,
        1,
        2,
        null,
        null,
        4,
        null,
        null,
        null,
        1,
        1,
        1,
        1,
        null,
        null
      ],
      "/vagrant/SIGS/spec/controllers/reports_disciplines_controller_spec.rb": [
        1,
        null,
        1,
        1,
        7,
        7,
        7,
        7,
        null,
        7,
        7,
        7,
        7,
        7,
        7,
        7,
        null,
        7,
        7,
        7,
        7,
        7,
        null,
        7,
        7,
        7,
        null,
        7,
        null,
        null,
        1,
        1,
        1,
        null,
        null,
        1,
        1,
        1,
        1,
        null,
        null,
        1,
        1,
        1,
        1,
        null,
        null,
        1,
        1,
        1,
        1,
        null,
        null,
        1,
        1,
        1,
        1,
        null,
        null,
        1,
        1,
        1,
        1,
        null,
        null,
        1,
        1,
        1,
        1,
        null,
        null
      ],
      "/vagrant/SIGS/app/controllers/reports_disciplines_controller.rb": [
        null,
        null,
        null,
        1,
        1,
        null,
        1,
        4,
        null,
        4,
        2,
        null,
        2,
        null,
        null,
        null,
        1,
        3,
        3,
        null,
        3,
        null,
        3,
        3,
        3,
        3,
        3,
        3,
        3,
        3,
        3,
        null,
        3,
        null,
        null,
        1,
        null,
        1,
        3,
        3,
        null,
        null,
        1,
        1,
        null,
        null,
        2,
        3,
        3,
        null,
        null,
        null,
        null,
        1,
        3,
        2,
        null,
        null,
        null,
        1,
        1,
        null,
        1,
        null,
        null,
        1,
        null,
        null,
        null,
        1,
        1,
        null,
        null,
        null,
        null,
        1,
        1,
        null,
        null,
        1,
        null,
        null,
        1,
        null,
        null,
        null,
        2,
        2,
        null,
        2,
        null,
        null
      ],
      "/vagrant/SIGS/spec/controllers/reports_school_rooms_controller_spec.rb": [
        1,
        1,
        null,
        1,
        1,
        1,
        3,
        3,
        3,
        3,
        null,
        3,
        3,
        3,
        3,
        3,
        3,
        3,
        null,
        3,
        3,
        null,
        3,
        3,
        null,
        3,
        3,
        null,
        3,
        null,
        null,
        1,
        1,
        null,
        1,
        null,
        null,
        1,
        1,
        1,
        1,
        null,
        null,
        1,
        1,
        1,
        1,
        null,
        null,
        null
      ],
      "/vagrant/SIGS/app/controllers/reports_school_rooms_controller.rb": [
        null,
        null,
        null,
        1,
        1,
        null,
        1,
        2,
        2,
        2,
        2,
        2,
        2,
        null,
        2,
        null,
        null,
        null,
        null,
        null,
        null,
        null,
        1,
        1,
        null,
        null,
        1,
        1,
        null,
        null,
        null,
        null,
        null,
        null
      ],
      "/vagrant/SIGS/spec/controllers/rooms_controller_spec.rb": [
        1,
        null,
        1,
        null,
        1,
        1,
        21,
        null,
        21,
        null,
        21,
        null,
        21,
        null,
        21,
        null,
        21,
        null,
        21,
        null,
        null,
        21,
        null,
        null,
        21,
        null,
        null,
        21,
        null,
        null,
        21,
        null,
        null,
        21,
        null,
        21,
        null,
        21,
        null,
        21,
        null,
        21,
        null,
        21,
        null,
        null,
        1,
        1,
        1,
        1,
        null,
        null,
        1,
        1,
        1,
        1,
        null,
        null,
        1,
        1,
        1,
        1,
        null,
        null,
        1,
        1,
        1,
        1,
        null,
        null,
        1,
        1,
        1,
        1,
        null,
        null,
        1,
        1,
        1,
        null,
        1,
        null,
        null,
        1,
        1,
        1,
        1,
        null,
        1,
        1,
        1,
        null,
        1,
        1,
        null,
        null,
        1,
        1,
        1,
        1,
        null,
        null,
        1,
        1,
        1,
        1,
        null,
        null,
        1,
        1,
        1,
        1,
        null,
        null,
        1,
        1,
        1,
        1,
        null,
        null,
        1,
        1,
        1,
        1,
        1,
        null,
        null,
        1,
        1,
        1,
        1,
        1,
        null,
        null,
        1,
        1,
        1,
        1,
        1,
        null,
        null,
        1,
        1,
        1,
        1,
        null,
        null,
        1,
        1,
        1,
        1,
        null,
        null,
        1,
        1,
        1,
        1,
        null,
        null,
        1,
        1,
        1,
        1,
        null,
        null,
        1,
        1,
        1,
        1,
        null,
        null,
        1,
        1,
        1,
        1,
        null,
        null,
        null
      ],
      "/vagrant/SIGS/app/controllers/rooms_controller.rb": [
        null,
        null,
        null,
        1,
        1,
        1,
        null,
        1,
        7,
        7,
        7,
        7,
        7,
        7,
        7,
        null,
        null,
        1,
        7,
        1,
        null,
        null,
        1,
        7,
        1,
        null,
        null,
        1,
        7,
        1,
        null,
        null,
        1,
        7,
        1,
        null,
        null,
        1,
        7,
        1,
        null,
        null,
        1,
        1,
        null,
        null,
        1,
        7,
        7,
        1,
        1,
        null,
        6,
        6,
        null,
        null,
        null,
        1,
        3,
        3,
        null,
        3,
        2,
        2,
        null,
        1,
        null,
        3,
        null,
        null,
        1,
        1,
        null,
        null,
        1,
        1,
        1,
        1,
        1,
        1,
        null,
        null,
        null,
        null,
        null,
        null,
        1,
        null,
        null,
        1,
        null,
        1,
        2,
        2,
        2,
        null,
        null,
        1,
        2,
        2,
        2,
        null,
        null,
        1,
        7,
        null,
        null,
        null,
        null,
        null,
        null,
        null,
        null,
        null,
        null,
        null
      ],
      "/vagrant/SIGS/spec/controllers/school_rooms_controller_spec.rb": [
        1,
        1,
        1,
        1,
        null,
        1,
        1,
        1,
        19,
        null,
        19,
        null,
        19,
        19,
        19,
        19,
        19,
        19,
        19,
        19,
        19,
        19,
        19,
        19,
        19,
        19,
        19,
        null,
        null,
        1,
        1,
        1,
        null,
        null,
        1,
        1,
        1,
        1,
        1,
        1,
        null,
        null,
        1,
        1,
        1,
        null,
        null,
        1,
        1,
        1,
        null,
        null,
        1,
        1,
        1,
        null,
        null,
        1,
        1,
        1,
        1,
        null,
        null,
        1,
        1,
        1,
        null,
        null,
        1,
        1,
        1,
        1,
        null,
        null,
        1,
        1,
        1,
        null,
        null,
        1,
        1,
        1,
        null,
        null,
        1,
        1,
        1,
        null,
        null,
        1,
        1,
        1,
        null,
        null,
        1,
        1,
        1,
        null,
        null,
        1,
        1,
        1,
        1,
        null,
        null,
        1,
        1,
        1,
        1,
        null,
        null,
        1,
        1,
        1,
        1,
        null,
        null,
        1,
        1,
        1,
        1,
        1,
        null,
        null,
        1,
        1,
        1,
        1,
        null,
        null,
        1,
        1,
        1,
        1,
        null,
        null,
        null
      ],
      "/vagrant/SIGS/app/controllers/school_rooms_controller.rb": [
        null,
        null,
        null,
        1,
        1,
        1,
        null,
        1,
        1,
        1,
        null,
        null,
        1,
        8,
        8,
        8,
        8,
        2,
        null,
        6,
        6,
        null,
        null,
        null,
        1,
        1,
        1,
        null,
        null,
        1,
        2,
        1,
        null,
        null,
        1,
        null,
        null,
        null,
        1,
        null,
        null,
        null,
        1,
        2,
        2,
        null,
        null,
        2,
        1,
        null,
        1,
        1,
        null,
        null,
        null,
        1,
        1,
        1,
        1,
        1,
        null,
        null,
        1,
        3,
        3,
        3,
        1,
        1,
        null,
        2,
        2,
        null,
        null,
        null,
        1,
        2,
        2,
        null,
        2,
        1,
        1,
        null,
        1,
        null,
        2,
        null,
        null,
        1,
        null,
        1,
        8,
        null,
        null,
        null,
        null,
        null,
        null,
        null,
        null,
        1,
        3,
        null,
        null,
        null,
        null,
        null,
        null,
        null,
        1,
        1,
        null,
        null,
        1,
        4,
        4,
        4,
        null,
        null
      ],
      "/vagrant/SIGS/spec/controllers/sessions_controller_spec.rb": [
        1,
        null,
        1,
        null,
        1,
        null,
        1,
        7,
        7,
        null,
        null,
        1,
        1,
        1,
        1,
        null,
        null,
        1,
        1,
        1,
        1,
        null,
        null,
        1,
        1,
        1,
        null,
        null,
        1,
        1,
        1,
        null,
        null,
        1,
        1,
        1,
        null,
        null,
        1,
        1,
        1,
        1,
        1,
        1,
        null,
        1,
        1,
        1,
        1,
        null,
        null,
        null,
        null
      ],
      "/vagrant/SIGS/app/controllers/sessions_controller.rb": [
        null,
        null,
        null,
        1,
        1,
        2,
        1,
        null,
        1,
        null,
        null,
        null,
        1,
        6,
        6,
        4,
        null,
        2,
        2,
        null,
        null,
        null,
        1,
        1,
        1,
        null,
        null,
        1,
        4,
        3,
        3,
        null,
        1,
        1,
        null,
        null,
        null
      ],
      "/vagrant/SIGS/spec/controllers/solicitations_controller_spec.rb": [
        1,
        null,
        1,
        1,
        1,
        2,
        null,
        2,
        null,
        2,
        2,
        2,
        2,
        2,
        2,
        2,
        2,
        null,
        null,
        1,
        1,
        1,
        1,
        null,
        null,
        1,
        1,
        1,
        1,
        null,
        null,
        null,
        1,
        1,
        10,
        null,
        10,
        null,
        10,
        null,
        10,
        10,
        10,
        10,
        10,
        10,
        10,
        10,
        10,
        10,
        10,
        10,
        null,
        null,
        1,
        1,
        1,
        null,
        null,
        1,
        1,
        1,
        null,
        null,
        1,
        1,
        1,
        null,
        null,
        1,
        1,
        1,
        null,
        null,
        1,
        1,
        1,
        null,
        null,
        1,
        1,
        1,
        null,
        null,
        1,
        1,
        1,
        1,
        null,
        null,
        1,
        1,
        1,
        1,
        null,
        null,
        1,
        1,
        1,
        1,
        1,
        1,
        null,
        null,
        1,
        1,
        1,
        1,
        1,
        1,
        null,
        null,
        null,
        1,
        1,
        12,
        null,
        12,
        null,
        12,
        null,
        12,
        12,
        12,
        12,
        12,
        12,
        12,
        12,
        12,
        12,
        12,
        12,
        12,
        12,
        12,
        null,
        12,
        null,
        12,
        null,
        null,
        1,
        1,
        1,
        null,
        null,
        1,
        1,
        null,
        null,
        null,
        1,
        null,
        null,
        1,
        1,
        1,
        null,
        null,
        1,
        1,
        1,
        null,
        null,
        1,
        1,
        null,
        null,
        1,
        null,
        null,
        1,
        1,
        null,
        null,
        1,
        null,
        null,
        1,
        1,
        null,
        1,
        null,
        null,
        1,
        1,
        null,
        null,
        1,
        null,
        null,
        1,
        1,
        1,
        null,
        null,
        1,
        null,
        null,
        1,
        1,
        1,
        null,
        null,
        1,
        null,
        null,
        1,
        1,
        null,
        null,
        1,
        null,
        null,
        1,
        1,
        null,
        null,
        null,
        null,
        null,
        null
      ],
      "/vagrant/SIGS/app/controllers/solicitations_controller.rb": [
        null,
        null,
        null,
        null,
        1,
        1,
        1,
        1,
        1,
        1,
        null,
        null,
        1,
        2,
        2,
        null,
        2,
        2,
        null,
        null,
        1,
        3,
        null,
        3,
        3,
        null,
        3,
        null,
        null,
        1,
        5,
        null,
        null,
        1,
        6,
        null,
        6,
        6,
        1,
        1,
        null,
        5,
        null,
        null,
        null,
        1,
        2,
        null,
        null,
        1,
        4,
        4,
        1,
        null,
        3,
        null,
        null,
        4,
        null,
        4,
        4,
        null,
        null,
        2,
        null,
        null,
        null,
        1,
        null,
        1,
        2,
        2,
        2,
        null,
        2,
        null,
        2,
        2,
        1,
        null,
        2,
        null,
        null,
        1,
        5,
        null,
        null,
        1,
        11,
        null,
        null,
        1,
        10,
        2,
        2,
        8,
        4,
        4,
        null,
        4,
        4,
        null,
        null,
        null,
        1,
        10,
        8,
        8,
        8,
        8,
        8,
        8,
        8,
        null,
        8,
        null,
        8,
        8,
        null,
        null,
        null,
        10,
        null,
        null,
        1,
        11,
        11,
        null,
        null,
        null,
        null,
        1,
        3,
        null,
        3,
        4,
        4,
        null,
        3,
        1,
        null,
        1,
        null,
        1,
        null,
        null,
        null,
        null
      ],
      "/vagrant/SIGS/app/controllers/schedule.rb": [
        null,
        null,
        null,
        1,
        1,
        3,
        null,
        null,
        1,
        3,
        null,
        null,
        1,
        3,
        3,
        3,
        null,
        null,
        1,
        2,
        2,
        2,
        null,
        null,
        1,
        2,
        2,
        2,
        2,
        1,
        1,
        null,
        null,
        2,
        null,
        null,
        1,
        2,
        2,
        2,
        null,
        null,
        2,
        null,
        null,
        1,
        2,
        2,
        null,
        1,
        null,
        null,
        1,
        2,
        null,
        2,
        4,
        4,
        4,
        null,
        2,
        null,
        null
      ],
      "/vagrant/SIGS/app/controllers/prepare_solicitations_to_save.rb": [
        null,
        null,
        null,
        1,
        1,
        12,
        12,
        12,
        72,
        72,
        null,
        12,
        null,
        null,
        1,
        72,
        72,
        72,
        1368,
        380,
        10,
        null,
        null,
        10,
        10,
        null,
        4,
        null,
        366,
        null,
        null,
        72,
        null,
        null
      ],
      "/vagrant/SIGS/spec/controllers/users_controller_spec.rb": [
        1,
        1,
        null,
        1,
        null,
        1,
        null,
        1,
        1,
        1,
        null,
        null,
        1,
        1,
        null,
        1,
        1,
        null,
        null,
        1,
        1,
        null,
        1,
        null,
        null,
        1,
        1,
        null,
        1,
        null,
        null,
        1,
        1,
        null,
        1,
        null,
        null,
        1,
        1,
        null,
        1,
        null,
        null,
        1,
        1,
        null,
        1,
        null,
        null,
        1,
        1,
        1,
        1,
        null,
        1,
        1,
        null,
        null,
        1,
        1,
        null,
        1,
        1,
        null,
        null,
        1,
        1,
        null,
        1,
        1,
        null,
        null,
        null,
        1,
        null,
        1,
        2,
        null,
        2,
        null,
        2,
        null,
        null,
        1,
        1,
        1,
        1,
        null,
        null,
        1,
        1,
        1,
        1,
        null,
        null,
        null,
        null,
        1,
        null,
        1,
        5,
        null,
        5,
        5,
        5,
        5,
        5,
        null,
        5,
        5,
        5,
        5,
        5,
        5,
        5,
        null,
        null,
        null,
        1,
        1,
        1,
        1,
        null,
        null,
        1,
        1,
        1,
        1,
        null,
        null,
        1,
        1,
        1,
        1,
        null,
        null,
        1,
        1,
        1,
        1,
        null,
        null,
        1,
        1,
        1,
        1,
        null,
        null,
        null,
        null,
        null,
        null,
        null,
        1,
        null,
        1,
        4,
        null,
        4,
        4,
        4,
        4,
        null,
        4,
        null,
        null,
        1,
        1,
        1,
        1,
        1,
        null,
        null,
        1,
        1,
        1,
        1,
        1,
        null,
        null,
        1,
        1,
        null,
        1,
        1,
        1,
        1,
        1,
        null,
        null,
        1,
        1,
        1,
        1,
        1,
        null,
        null,
        null,
        1,
        null,
        1,
        2,
        null,
        null,
        null,
        1,
        1,
        1,
        null,
        1,
        null,
        null,
        1,
        1,
        1,
        1,
        1,
        null,
        null,
        null
      ],
      "/vagrant/SIGS/app/controllers/users_controller.rb": [
        null,
        null,
        null,
        1,
        1,
        1,
        null,
        1,
        1,
        1,
        1,
        1,
        null,
        null,
        1,
        3,
        3,
        3,
        3,
        3,
        3,
        1,
        null,
        null,
        1,
        2,
        2,
        1,
        null,
        null,
        1,
        9,
        9,
        4,
        1,
        null,
        1,
        null,
        4,
        4,
        null,
        5,
        5,
        5,
        5,
        null,
        null,
        null,
        1,
        2,
        2,
        1,
        null,
        null,
        1,
        2,
        2,
        1,
        1,
        null,
        1,
        1,
        null,
        null,
        null,
        1,
        4,
        4,
        null,
        3,
        1,
        1,
        null,
        2,
        2,
        2,
        null,
        null,
        1,
        1,
        null,
        null,
        null,
        1,
        null,
        1,
        11,
        1,
        null,
        null,
        null,
        10,
        null,
        null,
        null,
        null,
        1,
        3,
        null,
        null
      ],
      "/vagrant/SIGS/lib/modules/user_module.rb": [
        null,
        1,
        7,
        5,
        5,
        5,
        6,
        null,
        5,
        null,
        2,
        null,
        null,
        null,
        1,
        4,
        4,
        4,
        1,
        null,
        4,
        11,
        1,
        null,
        null,
        4,
        null
      ],
      "/vagrant/SIGS/spec/helpers/application_helper_spec.rb": [
        1,
        1,
        null,
        1,
        null,
        1,
        1,
        1,
        1,
        null,
        null,
        null
      ],
      "/vagrant/SIGS/spec/helpers/categories_helper_spec.rb": [
        1,
        null,
        1,
        1,
        1,
        null,
        1,
        null,
        1,
        1,
        1,
        1,
        null,
        null,
        null
      ],
      "/vagrant/SIGS/spec/helpers/coordinator_helper_spec.rb": [
        1,
        null,
        1,
        null,
        1,
        null,
        1,
        1,
        1,
        1,
        1,
        1,
        null,
        null,
        1,
        1,
        1,
        null,
        null,
        null
      ],
      "/vagrant/SIGS/spec/helpers/courses_helper_spec.rb": [
        1,
        null,
        null,
        null,
        null,
        null,
        null,
        null,
        null,
        null,
        null,
        null,
        1,
        null,
        1,
        null,
        1,
        1,
        1,
        1,
        1,
        null,
        null,
        1,
        1,
        1,
        1,
        1,
        null,
        null,
        null
      ],
      "/vagrant/SIGS/spec/helpers/school_room_helper_spec.rb": [
        1,
        null,
        1,
        null,
        1,
        null,
        1,
        6,
        6,
        6,
        6,
        6,
        6,
        null,
        null,
        1,
        1,
        null,
        null,
        1,
        1,
        null,
        null,
        1,
        1,
        null,
        null,
        1,
        1,
        null,
        null,
        1,
        1,
        null,
        null,
        1,
        1,
        null,
        null,
        null
      ],
      "/vagrant/SIGS/spec/helpers/sessions_helper_spec.rb": [
        1,
        null,
        1,
        null,
        1,
        null,
        1,
        4,
        4,
        4,
        4,
        4,
        4,
        null,
        null,
        1,
        1,
        1,
        null,
        null,
        1,
        1,
        1,
        1,
        null,
        null,
        1,
        1,
        1,
        1,
        1,
        1,
        null,
        null,
        1,
        1,
        1,
        1,
        1,
        1,
        1,
        1,
        null,
        null,
        null,
        null,
        null
      ],
      "/vagrant/SIGS/spec/mailers/api_user_spec.rb": [
        1,
        null,
        1,
        null,
        null
      ],
      "/vagrant/SIGS/app/mailers/api_user_mailer.rb": [
        null,
        null,
        null,
        1,
        1,
        1,
        1,
        1,
        null,
        null
      ],
      "/vagrant/SIGS/app/mailers/application_mailer.rb": [
        null,
        null,
        null,
        1,
        1,
        1,
        null
      ],
      "/vagrant/SIGS/app/models/user.rb": [
        null,
        null,
        null,
        1,
        1,
        1,
        1,
        1,
        1,
        1,
        null,
        1,
        1,
        1,
        1,
        null,
        1,
        null,
        null,
        1,
        1,
        null,
        1,
        null,
        null,
        null,
        null,
        null,
        1,
        1,
        1,
        1,
        null,
        1,
        null,
        null,
        null,
        null,
        1,
        null,
        1,
        null,
        null,
        null,
        null,
        1,
        1,
        1,
        1,
        null,
        1,
        null,
        null,
        null,
        null,
        1,
        1,
        1,
        1,
        null,
        1,
        null,
        null,
        null,
        null
      ],
      "/vagrant/SIGS/app/models/application_record.rb": [
        null,
        null,
        null,
        1,
        1,
        null
      ],
      "/vagrant/SIGS/app/models/administrative_assistant.rb": [
        null,
        null,
        null,
        1,
        1,
        null
      ],
      "/vagrant/SIGS/app/models/deg.rb": [
        null,
        null,
        null,
        1,
        1,
        null
      ],
      "/vagrant/SIGS/app/models/coordinator.rb": [
        null,
        null,
        null,
        1,
        1,
        1,
        null
      ],
      "/vagrant/SIGS/app/models/api_user.rb": [
        null,
        null,
        null,
        1,
        1,
        null,
        null,
        1,
        null,
        1,
        null,
        null,
        1,
        null,
        null,
        null,
        null,
        null,
        null,
        1,
        1,
        1,
        1,
        null,
        1,
        null,
        null,
        1,
        null,
        null,
        null,
        null,
        null
      ],
      "/vagrant/SIGS/app/models/department.rb": [
        null,
        null,
        null,
        1,
        1,
        1,
        1,
        1,
        1,
        null
      ],
      "/vagrant/SIGS/app/models/discipline.rb": [
        null,
        null,
        null,
        1,
        1,
        1,
        1,
        null
      ],
      "/vagrant/SIGS/app/models/course.rb": [
        null,
        null,
        null,
        1,
        1,
        1,
        1,
        1,
        null
      ],
      "/vagrant/SIGS/app/models/building.rb": [
        null,
        null,
        null,
        1,
        1,
        1,
        null,
        null,
        null,
        null,
        1,
        null,
        null,
        null,
        null,
        1,
        2,
        null,
        null,
        1,
        null,
        1,
        101,
        null,
        null
      ],
      "/vagrant/SIGS/app/models/category.rb": [
        null,
        null,
        null,
        1,
        1,
        1,
        null,
        1,
        1,
        null,
        1,
        null,
        null
      ],
      "/vagrant/SIGS/app/models/room.rb": [
        null,
        null,
        null,
        1,
        1,
        1,
        1,
        1,
        1,
        null,
        null,
        1,
        null,
        null,
        null,
        null,
        1,
        null,
        1,
        null,
        null,
        1,
        null,
        null,
        null,
        null,
        null,
        1,
        1,
        null,
        1,
        null,
        null,
        null,
        1,
        null,
        null,
        null
      ],
      "/vagrant/SIGS/app/models/school_room.rb": [
        null,
        null,
        null,
        1,
        1,
        1,
        1,
        1,
        1,
        null,
        1,
        null,
        null,
        null,
        null,
        1,
        1,
        1,
        1,
        null,
        1,
        null,
        null,
        1,
        null,
        null,
        null,
        1,
        null,
        1,
        306,
        306,
        305,
        null,
        305,
        371,
        1,
        1,
        null,
        null,
        null,
        306,
        null,
        null
      ],
      "/vagrant/SIGS/app/models/period.rb": [
        null,
        null,
        null,
        1,
        1,
        null,
        1,
        null,
        1,
        124,
        1,
        null,
        null
      ],
      "/vagrant/SIGS/app/models/allocation.rb": [
        null,
        null,
        null,
        1,
        1,
        1,
        1,
        1,
        null,
        1,
        null,
        1,
        null,
        1,
        null,
        1,
        null,
        null
      ],
      "/vagrant/SIGS/app/models/all_allocation_date.rb": [
        null,
        null,
        null,
        1,
        1,
        1,
        null
      ],
      "/vagrant/SIGS/app/controllers/table_room.rb": [
        null,
        null,
        null,
        1,
        1,
        8,
        8,
        null,
        8,
        144,
        null,
        8,
        8,
        8,
        null,
        null,
        null,
        null,
        1,
        144,
        144,
        864,
        864,
        864,
        null,
        144,
        null,
        null,
        1,
        864,
        854,
        null,
        859,
        null,
        5,
        5,
        5,
        null,
        null,
        null,
        5,
        null,
        null,
        null
      ],
      "/vagrant/SIGS/app/models/allocation_extension.rb": [
        null,
        null,
        null,
        1,
        1,
        1,
        1,
        1,
        null
      ],
      "/vagrant/SIGS/app/models/room_solicitation.rb": [
        null,
        null,
        null,
        1,
        1,
        1,
        1,
        1,
        null,
        null,
        1,
        1,
        1,
        null,
        1,
        null,
        1,
        14,
        14,
        14,
        null,
        null,
        1,
        14,
        14,
        28,
        null,
        null,
        1,
        14,
        14,
        null,
        null,
        1,
        14,
        6,
        6,
        6,
        null,
        6,
        null,
        null,
        1,
        6,
        null,
        null,
        1,
        12,
        12,
        12,
        null,
        null
      ],
      "/vagrant/SIGS/app/models/solicitation.rb": [
        null,
        null,
        null,
        1,
        1,
        1,
        1,
        null,
        null,
        1,
        1,
        1,
        1,
        null,
        1,
        null,
        1,
        10,
        null,
        10,
        2,
        null,
        null
      ]
    },
    "timestamp": 1498331557
  }
}
